d:\users\dario\desktop\universidad\labo pr1\repositoriofarmacia\tp_farmacia_gs_vr\x64\debug\vc143.pdb
d:\users\dario\desktop\universidad\labo pr1\repositoriofarmacia\tp_farmacia_gs_vr\x64\debug\vc143.idb
d:\users\dario\desktop\universidad\labo pr1\repositoriofarmacia\tp_farmacia_gs_vr\x64\debug\cticket.obj
d:\users\dario\desktop\universidad\labo pr1\repositoriofarmacia\tp_farmacia_gs_vr\x64\debug\cfarmacia.obj
d:\users\dario\desktop\universidad\labo pr1\repositoriofarmacia\tp_farmacia_gs_vr\x64\debug\cempleadoperfumeria.obj
d:\users\dario\desktop\universidad\labo pr1\repositoriofarmacia\tp_farmacia_gs_vr\x64\debug\cempleadoortopedia.obj
d:\users\dario\desktop\universidad\labo pr1\repositoriofarmacia\tp_farmacia_gs_vr\x64\debug\cempleadolimpieza.obj
d:\users\dario\desktop\universidad\labo pr1\repositoriofarmacia\tp_farmacia_gs_vr\x64\debug\ccarrito.obj
d:\users\dario\desktop\universidad\labo pr1\repositoriofarmacia\tp_farmacia_gs_vr\x64\debug\ccaja.obj
d:\users\dario\desktop\universidad\labo pr1\repositoriofarmacia\tp_farmacia_gs_vr\x64\debug\casistenteautomático.obj
d:\users\dario\desktop\universidad\labo pr1\repositoriofarmacia\tp_farmacia_gs_vr\x64\debug\cartperfumeria.obj
d:\users\dario\desktop\universidad\labo pr1\repositoriofarmacia\tp_farmacia_gs_vr\x64\debug\cartortopedia.obj
d:\users\dario\desktop\universidad\labo pr1\repositoriofarmacia\tp_farmacia_gs_vr\x64\debug\cartmedicamento.obj
d:\users\dario\desktop\universidad\labo pr1\repositoriofarmacia\tp_farmacia_gs_vr\x64\debug\carticulos.obj
d:\users\dario\desktop\universidad\labo pr1\repositoriofarmacia\tp_farmacia_gs_vr\x64\debug\cartgolosina.obj
d:\users\dario\desktop\universidad\labo pr1\repositoriofarmacia\tp_farmacia_gs_vr\x64\debug\cempleado.obj
d:\users\dario\desktop\universidad\labo pr1\repositoriofarmacia\tp_farmacia_gs_vr\x64\debug\ccliente.obj
d:\users\dario\desktop\universidad\labo pr1\repositoriofarmacia\tp_farmacia_gs_vr\x64\debug\cempleadofarmaceutico.obj
d:\users\dario\desktop\universidad\labo pr1\repositoriofarmacia\tp_farmacia_gs_vr\x64\debug\tp_farma.2e206d23.tlog\cl.command.1.tlog
d:\users\dario\desktop\universidad\labo pr1\repositoriofarmacia\tp_farmacia_gs_vr\x64\debug\tp_farma.2e206d23.tlog\cl.read.1.tlog
d:\users\dario\desktop\universidad\labo pr1\repositoriofarmacia\tp_farmacia_gs_vr\x64\debug\tp_farma.2e206d23.tlog\cl.write.1.tlog
